Vivado Simulator 2019.1
Copyright 1986-1999, 2001-2019 Xilinx, Inc. All Rights Reserved.
Running: C:/Xilinx/Vivado/2019.1/bin/unwrapped/win64.o/xelab.exe -wto 32ef39490ef64732bf2989afa15a9458 --incr --debug typical --relax --mt 2 -L xil_defaultlib -L secureip --snapshot tb_archivo_behav xil_defaultlib.tb_archivo -log elaborate.log 
Using 2 slave threads.
Starting static elaboration
WARNING: [VRFC 10-4940] 'demux' remains a black box since it has no binding entity [C:/Users/end user/Documents/6to Semestre Escom/Arquitectura de Computadoras/Practica 6/Archivo_de_Registros/Archivo_de_Registros.srcs/sources_1/new/archivoRegistros.vhd:90]
WARNING: [VRFC 10-4940] 'barrelshifter' remains a black box since it has no binding entity [C:/Users/end user/Documents/6to Semestre Escom/Arquitectura de Computadoras/Practica 6/Archivo_de_Registros/Archivo_de_Registros.srcs/sources_1/new/archivoRegistros.vhd:97]
WARNING: [VRFC 10-4940] 'multiplexor' remains a black box since it has no binding entity [C:/Users/end user/Documents/6to Semestre Escom/Arquitectura de Computadoras/Practica 6/Archivo_de_Registros/Archivo_de_Registros.srcs/sources_1/new/archivoRegistros.vhd:105]
WARNING: [VRFC 10-4940] 'multiplexor' remains a black box since it has no binding entity [C:/Users/end user/Documents/6to Semestre Escom/Arquitectura de Computadoras/Practica 6/Archivo_de_Registros/Archivo_de_Registros.srcs/sources_1/new/archivoRegistros.vhd:111]
Completed static elaboration
Starting simulation data flow analysis
Completed simulation data flow analysis
Time Resolution for simulation is 1ps
Compiling package std.standard
Compiling package std.textio
Compiling package ieee.std_logic_1164
Compiling package ieee.std_logic_textio
Compiling package ieee.std_logic_arith
Compiling package ieee.std_logic_unsigned
Compiling architecture behavioral of entity xil_defaultlib.Registro [registro_default]
Compiling architecture behavioral of entity xil_defaultlib.archivoRegistros [archivoregistros_default]
Compiling architecture behavior of entity xil_defaultlib.tb_archivo
Built simulation snapshot tb_archivo_behav
