Copyright 1986-2019 Xilinx, Inc. All Rights Reserved.
------------------------------------------------------------------------------------
| Tool Version : Vivado v.2019.2 (win64) Build 2708876 Wed Nov  6 21:40:23 MST 2019
| Date         : Fri May 15 02:05:40 2020
| Host         : AaronGarcia running 64-bit major release  (build 9200)
| Command      : report_control_sets -verbose -file pila_control_sets_placed.rpt
| Design       : pila
| Device       : xc7a100t
------------------------------------------------------------------------------------

Control Set Information

Table of Contents
-----------------
1. Summary
2. Histogram
3. Flip-Flop Distribution
4. Detailed Control Set Information

1. Summary
----------

+----------------------------------------------------------+-------+
|                          Status                          | Count |
+----------------------------------------------------------+-------+
| Total control sets                                       |     9 |
|    Minimum number of control sets                        |     9 |
|    Addition due to synthesis replication                 |     0 |
|    Addition due to physical synthesis replication        |     0 |
| Unused register locations in slices containing registers |     5 |
+----------------------------------------------------------+-------+
* Control sets can be merged at opt_design using control_set_merge or merge_equivalent_drivers
** Run report_qor_suggestions for automated merging and remapping suggestions


2. Histogram
------------

+--------------------+-------+
|       Fanout       | Count |
+--------------------+-------+
| Total control sets |     9 |
| >= 0 to < 4        |     1 |
| >= 4 to < 6        |     0 |
| >= 6 to < 8        |     0 |
| >= 8 to < 10       |     0 |
| >= 10 to < 12      |     0 |
| >= 12 to < 14      |     0 |
| >= 14 to < 16      |     0 |
| >= 16              |     8 |
+--------------------+-------+
* Control sets can be remapped at either synth_design or opt_design


3. Flip-Flop Distribution
-------------------------

+--------------+-----------------------+------------------------+-----------------+--------------+
| Clock Enable | Synchronous Set/Reset | Asynchronous Set/Reset | Total Registers | Total Slices |
+--------------+-----------------------+------------------------+-----------------+--------------+
| No           | No                    | No                     |               0 |            0 |
| No           | No                    | Yes                    |               0 |            0 |
| No           | Yes                   | No                     |               0 |            0 |
| Yes          | No                    | No                     |               0 |            0 |
| Yes          | No                    | Yes                    |             131 |           47 |
| Yes          | Yes                   | No                     |               0 |            0 |
+--------------+-----------------------+------------------------+-----------------+--------------+


4. Detailed Control Set Information
-----------------------------------

+----------------+----------------------+------------------+------------------+----------------+
|  Clock Signal  |     Enable Signal    | Set/Reset Signal | Slice Load Count | Bel Load Count |
+----------------+----------------------+------------------+------------------+----------------+
|  CLK_IBUF_BUFG | SP                   | CLR_IBUF         |                1 |              3 |
|  CLK_IBUF_BUFG | stack[5][15]_i_1_n_0 | CLR_IBUF         |                7 |             16 |
|  CLK_IBUF_BUFG | stack[6][15]_i_1_n_0 | CLR_IBUF         |                8 |             16 |
|  CLK_IBUF_BUFG | stack[1][15]_i_1_n_0 | CLR_IBUF         |                4 |             16 |
|  CLK_IBUF_BUFG | stack[4][15]_i_1_n_0 | CLR_IBUF         |                4 |             16 |
|  CLK_IBUF_BUFG | stack[7][15]_i_1_n_0 | CLR_IBUF         |                7 |             16 |
|  CLK_IBUF_BUFG | stack[2][15]_i_1_n_0 | CLR_IBUF         |                6 |             16 |
|  CLK_IBUF_BUFG | stack[0][15]_i_1_n_0 | CLR_IBUF         |                6 |             16 |
|  CLK_IBUF_BUFG | stack[3][15]_i_1_n_0 | CLR_IBUF         |                4 |             16 |
+----------------+----------------------+------------------+------------------+----------------+


